<?xml version="1.0" encoding="UTF-8"?>
<!-- Generated by org.testng.reporters.JUnitReportReporter -->
<testsuite hostname="Batman" failures="0" tests="1" name="RestAssuredTestCases.Test3_PUT" time="2.877" errors="0" timestamp="2021-05-09T12:10:29 IST" skipped="0">
  <testcase classname="RestAssuredTestCases.Test3_PUT" name="test1" time="2.877"/>
  <system-out/>
</testsuite> <!-- RestAssuredTestCases.Test3_PUT -->
