<?xml version="1.0" encoding="UTF-8"?>
<!-- Generated by org.testng.reporters.JUnitReportReporter -->
<testsuite hostname="Batman" failures="0" tests="2" name="RestAssuredTestCases.Test1_GET" time="3.999" errors="0" timestamp="2021-05-08T19:09:44 IST" skipped="0">
  <testcase classname="RestAssuredTestCases.Test1_GET" name="test02" time="1.577"/>
  <system-out/>
  <testcase classname="RestAssuredTestCases.Test1_GET" name="test01" time="2.422"/>
  <system-out/>
</testsuite> <!-- RestAssuredTestCases.Test1_GET -->
