<?xml version="1.0" encoding="UTF-8"?>
<!-- Generated by org.testng.reporters.JUnitReportReporter -->
<testsuite hostname="Batman" failures="0" tests="1" name="RestAssuredTestCases.Test5_DELETE" time="2.648" errors="0" timestamp="2021-05-09T12:44:22 IST" skipped="0">
  <testcase classname="RestAssuredTestCases.Test5_DELETE" name="test1" time="2.648"/>
  <system-out/>
</testsuite> <!-- RestAssuredTestCases.Test5_DELETE -->
