<?xml version="1.0" encoding="UTF-8"?>
<!-- Generated by org.testng.reporters.JUnitReportReporter -->
<testsuite hostname="Batman" failures="0" tests="1" name="RestAssuredTestCases.Test2_GET" time="2.456" errors="0" timestamp="2021-05-09T12:08:09 IST" skipped="0">
  <testcase classname="RestAssuredTestCases.Test2_GET" name="test1" time="2.456"/>
  <system-out/>
</testsuite> <!-- RestAssuredTestCases.Test2_GET -->
