<?xml version="1.0" encoding="UTF-8"?>
<!-- Generated by org.testng.reporters.JUnitReportReporter -->
<testsuite hostname="Batman" failures="0" tests="1" name="RestAssuredTestCases.Test4_PATCH" time="2.756" errors="0" timestamp="2021-05-09T12:41:47 IST" skipped="0">
  <testcase classname="RestAssuredTestCases.Test4_PATCH" name="test1" time="2.756"/>
  <system-out/>
</testsuite> <!-- RestAssuredTestCases.Test4_PATCH -->
