<?xml version="1.0" encoding="UTF-8"?>
<!-- Generated by org.testng.reporters.JUnitReportReporter -->
<testsuite hostname="Batman" failures="0" tests="1" name="LocalDataTesting.Test1" time="1.518" errors="0" timestamp="2021-05-09T16:17:41 IST" skipped="0">
  <testcase classname="LocalDataTesting.Test1" name="test3" time="1.518"/>
  <system-out/>
</testsuite> <!-- LocalDataTesting.Test1 -->
